
2020-01-15 14:07:06 INFO  MainClass:55 - Вывод информации выполнен
2020-01-15 14:07:06 INFO  Modification:34 - Элемент добавлен
2020-01-15 14:07:06 INFO  MainClass:120 - Данные записанные
2020-01-15 14:07:06 INFO  Validate:35 - XML - not valid.
cvc-elt.1.a: Cannot find the declaration of element 'database'.
2020-01-15 14:24:48 INFO  MainClass:55 - Вывод информации выполнен
2020-01-15 14:24:48 INFO  Modification:34 - Элемент добавлен
2020-01-15 14:24:48 INFO  MainClass:120 - Данные записанные
2020-01-15 14:24:48 INFO  Validate:35 - XML - not valid.
cvc-elt.1.a: Cannot find the declaration of element 'database'.
2020-01-15 14:29:41 INFO  MainClass:55 - Вывод информации выполнен
2020-01-15 14:29:41 INFO  Modification:34 - Элемент добавлен
2020-01-15 14:29:41 INFO  MainClass:120 - Данные записанные
2020-01-15 14:30:53 INFO  MainClass:55 - Вывод информации выполнен
2020-01-15 14:30:53 INFO  Modification:34 - Элемент добавлен
2020-01-15 14:30:53 INFO  MainClass:120 - Данные записанные
2020-01-15 14:30:53 INFO  Validate:32 - XML - valid
2020-01-15 14:32:32 INFO  MainClass:55 - Вывод информации выполнен
2020-01-15 14:32:32 INFO  Modification:34 - Элемент добавлен
2020-01-15 14:32:32 INFO  MainClass:120 - Данные записанные
2020-01-15 14:32:32 INFO  Validate:35 - XML - not valid.
cvc-elt.1.a: Cannot find the declaration of element 'database'.
2020-01-15 14:36:46 INFO  MainClass:55 - Вывод информации выполнен
2020-01-15 14:36:46 INFO  Modification:34 - Элемент добавлен
2020-01-15 14:36:46 INFO  MainClass:120 - Данные записанные
2020-01-15 14:36:46 INFO  Validate:35 - XML - not valid.
cvc-elt.1.a: Cannot find the declaration of element 'database'.
2020-01-15 14:57:44 INFO  MainClass:55 - Вывод информации выполнен
2020-01-15 14:57:44 INFO  Modification:34 - Элемент добавлен
2020-01-15 14:57:45 INFO  MainClass:120 - Данные записанные
2020-01-15 14:57:45 INFO  Validate:35 - XML - not valid.
cvc-elt.1.a: Cannot find the declaration of element 'database'.
2020-01-15 14:59:17 INFO  MainClass:55 - Вывод информации выполнен
2020-01-15 14:59:17 INFO  Modification:34 - Элемент добавлен
2020-01-15 14:59:17 INFO  MainClass:120 - Данные записанные
2020-01-15 14:59:17 INFO  Validate:32 - XML - valid
2020-01-15 14:59:38 INFO  MainClass:55 - Вывод информации выполнен
2020-01-15 14:59:38 INFO  Modification:34 - Элемент добавлен
2020-01-15 14:59:38 INFO  MainClass:120 - Данные записанные
2020-01-15 14:59:38 INFO  Validate:32 - XML - valid
2020-01-15 15:00:50 INFO  MainClass:55 - Вывод информации выполнен
2020-01-15 15:00:50 INFO  Modification:34 - Элемент добавлен
2020-01-15 15:00:50 INFO  MainClass:120 - Данные записанные
2020-01-15 15:00:51 INFO  Validate:35 - XML - not valid.
cvc-elt.1.a: Cannot find the declaration of element 'database'.
2020-01-15 15:17:53 INFO  MainClass:55 - Вывод информации выполнен
2020-01-15 15:17:53 INFO  Modification:34 - Элемент добавлен
2020-01-15 15:17:53 INFO  MainClass:120 - Данные записанные
2020-01-15 15:17:53 INFO  Validate:35 - XML - not valid.
cvc-elt.1.a: Cannot find the declaration of element 'database'.
2020-01-15 15:18:29 INFO  MainClass:55 - Вывод информации выполнен
2020-01-15 15:18:29 INFO  Modification:34 - Элемент добавлен
2020-01-15 15:18:29 INFO  MainClass:120 - Данные записанные
2020-01-15 15:18:29 INFO  Validate:35 - XML - not valid.
cvc-elt.1.a: Cannot find the declaration of element 'database'.
2020-01-15 15:19:48 INFO  MainClass:55 - Вывод информации выполнен
2020-01-15 15:19:48 INFO  Modification:34 - Элемент добавлен
2020-01-15 15:19:49 INFO  MainClass:120 - Данные записанные
2020-01-15 15:19:49 INFO  Validate:35 - XML - not valid.
cvc-elt.1.a: Cannot find the declaration of element 'database'.
2020-01-15 15:19:56 INFO  MainClass:55 - Вывод информации выполнен
2020-01-15 15:19:56 INFO  Modification:34 - Элемент добавлен
2020-01-15 15:19:56 INFO  MainClass:120 - Данные записанные
2020-01-15 15:19:56 INFO  Validate:35 - XML - not valid.
cvc-elt.1.a: Cannot find the declaration of element 'database'.
2020-01-15 15:21:54 INFO  MainClass:55 - Вывод информации выполнен
2020-01-15 15:21:54 INFO  Modification:34 - Элемент добавлен
2020-01-15 15:21:54 INFO  MainClass:123 - Данные записанные
2020-01-15 15:21:54 INFO  Validate:35 - XML - not valid.
cvc-elt.1.a: Cannot find the declaration of element 'database'.
2020-01-15 15:22:07 INFO  MainClass:55 - Вывод информации выполнен
2020-01-15 15:22:07 INFO  Modification:34 - Элемент добавлен
2020-01-15 15:22:07 INFO  MainClass:123 - Данные записанные
2020-01-15 15:22:07 INFO  Validate:35 - XML - not valid.
cvc-elt.1.a: Cannot find the declaration of element 'database'.
2020-01-15 15:22:46 INFO  MainClass:55 - Вывод информации выполнен
2020-01-15 15:22:46 INFO  Modification:34 - Элемент добавлен
2020-01-15 15:22:46 INFO  MainClass:123 - Данные записанные
2020-01-15 15:22:46 INFO  Validate:35 - XML - not valid.
cvc-elt.1.a: Cannot find the declaration of element 'database'.
2020-01-15 15:28:34 INFO  MainClass:55 - Вывод информации выполнен
2020-01-15 15:28:34 INFO  Modification:34 - Элемент добавлен
2020-01-15 15:28:34 INFO  MainClass:123 - Данные записанные
2020-01-15 15:28:34 INFO  Validate:35 - XML - not valid.
cvc-elt.1.a: Cannot find the declaration of element 'database'.
2020-01-15 15:35:24 INFO  MainClass:55 - Вывод информации выполнен
2020-01-15 15:35:24 INFO  Modification:34 - Элемент добавлен
2020-01-15 15:35:25 INFO  MainClass:123 - Данные записанные
2020-01-15 15:35:25 INFO  Validate:32 - XML - valid
